{"uuid":"9e92e6e8-3881-422d-a240-dece4760643c","historyId":"feee015f9b390ca25efa9dd7a5906bbe","fullName":"api.tests.test_suite.plancompare.DrugToolsPricingSpecTest.testFullCostForCertainDrugAndPlan","labels":[{"name":"package","value":"api.tests.test_suite.plancompare.DrugToolsPricingSpecTest"},{"name":"testClass","value":"api.tests.test_suite.plancompare.DrugToolsPricingSpecTest"},{"name":"testMethod","value":"testFullCostForCertainDrugAndPlan"},{"name":"parentSuite","value":"All Test Suite"},{"name":"suite","value":"Drug Tools Member Flow Spec Scenarios, verifying crmMemberFlowSpec api end-points"},{"name":"subSuite","value":"api.tests.test_suite.plancompare.DrugToolsPricingSpecTest"},{"name":"host","value":"MSDT081"},{"name":"thread","value":"14276@MSDT081.main(1)"},{"name":"framework","value":"testng"},{"name":"language","value":"java"}],"links":[],"name":"testFullCostForCertainDrugAndPlan","status":"broken","statusDetails":{"known":false,"muted":false,"flaky":false,"message":"java.io.FileNotFoundException: C:\\Users\\AnkitKumar\\Desktop\\Connecture Refactor Folder\\ConnectureDRX_QA_NextGen\\src\\test\\java\\api\\tests\\config\\data_properties\\data-PC-API_#{EnvironmentToExecute}#.properties (The system cannot find the file specified)","trace":"java.lang.RuntimeException: java.io.FileNotFoundException: C:\\Users\\AnkitKumar\\Desktop\\Connecture Refactor Folder\\ConnectureDRX_QA_NextGen\\src\\test\\java\\api\\tests\\config\\data_properties\\data-PC-API_#{EnvironmentToExecute}#.properties (The system cannot find the file specified)\r\n\tat api.base.helpers.CommonMethods.usePropertyFileData(CommonMethods.java:48)\r\n\tat api.tests.test_suite.plancompare.DrugToolsPricingSpecTest.testFullCostForCertainDrugAndPlan(DrugToolsPricingSpecTest.java:42)\r\n\tat java.base/jdk.internal.reflect.NativeMethodAccessorImpl.invoke0(Native Method)\r\n\tat java.base/jdk.internal.reflect.NativeMethodAccessorImpl.invoke(NativeMethodAccessorImpl.java:77)\r\n\tat java.base/jdk.internal.reflect.DelegatingMethodAccessorImpl.invoke(DelegatingMethodAccessorImpl.java:43)\r\n\tat java.base/java.lang.reflect.Method.invoke(Method.java:568)\r\n\tat org.testng.internal.invokers.MethodInvocationHelper.invokeMethod(MethodInvocationHelper.java:139)\r\n\tat org.testng.internal.invokers.TestInvoker.invokeMethod(TestInvoker.java:677)\r\n\tat org.testng.internal.invokers.TestInvoker.invokeTestMethod(TestInvoker.java:221)\r\n\tat org.testng.internal.invokers.MethodRunner.runInSequence(MethodRunner.java:50)\r\n\tat org.testng.internal.invokers.TestInvoker$MethodInvocationAgent.invoke(TestInvoker.java:969)\r\n\tat org.testng.internal.invokers.TestInvoker.invokeTestMethods(TestInvoker.java:194)\r\n\tat org.testng.internal.invokers.TestMethodWorker.invokeTestMethods(TestMethodWorker.java:148)\r\n\tat org.testng.internal.invokers.TestMethodWorker.run(TestMethodWorker.java:128)\r\n\tat java.base/java.util.ArrayList.forEach(ArrayList.java:1511)\r\n\tat org.testng.TestRunner.privateRun(TestRunner.java:829)\r\n\tat org.testng.TestRunner.run(TestRunner.java:602)\r\n\tat org.testng.SuiteRunner.runTest(SuiteRunner.java:437)\r\n\tat org.testng.SuiteRunner.runSequentially(SuiteRunner.java:431)\r\n\tat org.testng.SuiteRunner.privateRun(SuiteRunner.java:391)\r\n\tat org.testng.SuiteRunner.run(SuiteRunner.java:330)\r\n\tat org.testng.SuiteRunnerWorker.runSuite(SuiteRunnerWorker.java:52)\r\n\tat org.testng.SuiteRunnerWorker.run(SuiteRunnerWorker.java:95)\r\n\tat org.testng.TestNG.runSuitesSequentially(TestNG.java:1256)\r\n\tat org.testng.TestNG.runSuitesLocally(TestNG.java:1176)\r\n\tat org.testng.TestNG.runSuites(TestNG.java:1099)\r\n\tat org.testng.TestNG.run(TestNG.java:1067)\r\n\tat com.intellij.rt.testng.IDEARemoteTestNG.run(IDEARemoteTestNG.java:66)\r\n\tat com.intellij.rt.testng.RemoteTestNGStarter.main(RemoteTestNGStarter.java:109)\r\nCaused by: java.io.FileNotFoundException: C:\\Users\\AnkitKumar\\Desktop\\Connecture Refactor Folder\\ConnectureDRX_QA_NextGen\\src\\test\\java\\api\\tests\\config\\data_properties\\data-PC-API_#{EnvironmentToExecute}#.properties (The system cannot find the file specified)\r\n\tat java.base/java.io.FileInputStream.open0(Native Method)\r\n\tat java.base/java.io.FileInputStream.open(FileInputStream.java:216)\r\n\tat java.base/java.io.FileInputStream.<init>(FileInputStream.java:157)\r\n\tat java.base/java.io.FileInputStream.<init>(FileInputStream.java:111)\r\n\tat api.base.helpers.CommonMethods.usePropertyFileData(CommonMethods.java:42)\r\n\t... 28 more\r\n"},"stage":"finished","steps":[],"attachments":[],"parameters":[],"start":1679664167531,"stop":1679664167537}